2021-04-07 15:36:29 INFO main - rocketmqHome=/opt/soft/rocketmq-4.8.0
2021-04-07 15:36:29 INFO main - kvConfigPath=/root/namesrv/kvConfig.json
2021-04-07 15:36:29 INFO main - configStorePath=/root/namesrv/namesrv.properties
2021-04-07 15:36:29 INFO main - productEnvName=center
2021-04-07 15:36:29 INFO main - clusterTest=false
2021-04-07 15:36:29 INFO main - orderMessageEnable=false
2021-04-07 15:36:29 INFO main - listenPort=9876
2021-04-07 15:36:29 INFO main - serverWorkerThreads=8
2021-04-07 15:36:29 INFO main - serverCallbackExecutorThreads=0
2021-04-07 15:36:29 INFO main - serverSelectorThreads=3
2021-04-07 15:36:29 INFO main - serverOnewaySemaphoreValue=256
2021-04-07 15:36:29 INFO main - serverAsyncSemaphoreValue=64
2021-04-07 15:36:29 INFO main - serverChannelMaxIdleTimeSeconds=120
2021-04-07 15:36:29 INFO main - serverSocketSndBufSize=65535
2021-04-07 15:36:29 INFO main - serverSocketRcvBufSize=65535
2021-04-07 15:36:29 INFO main - serverPooledByteBufAllocatorEnable=true
2021-04-07 15:36:29 INFO main - useEpollNativeSelector=false
2021-04-07 15:36:30 INFO main - Server is running in TLS permissive mode
2021-04-07 15:36:30 INFO main - Tls config file doesn't exist, skip it
2021-04-07 15:36:30 INFO main - Log the final used tls related configuration
2021-04-07 15:36:30 INFO main - tls.test.mode.enable = true
2021-04-07 15:36:30 INFO main - tls.server.need.client.auth = none
2021-04-07 15:36:30 INFO main - tls.server.keyPath = null
2021-04-07 15:36:30 INFO main - tls.server.keyPassword = null
2021-04-07 15:36:30 INFO main - tls.server.certPath = null
2021-04-07 15:36:30 INFO main - tls.server.authClient = false
2021-04-07 15:36:30 INFO main - tls.server.trustCertPath = null
2021-04-07 15:36:30 INFO main - tls.client.keyPath = null
2021-04-07 15:36:30 INFO main - tls.client.keyPassword = null
2021-04-07 15:36:30 INFO main - tls.client.certPath = null
2021-04-07 15:36:30 INFO main - tls.client.authServer = false
2021-04-07 15:36:30 INFO main - tls.client.trustCertPath = null
2021-04-07 15:36:31 INFO main - Using OpenSSL provider
2021-04-07 15:36:31 INFO main - SSLContext created for server
2021-04-07 15:36:31 INFO main - Try to start service thread:FileWatchService started:false lastThread:null
2021-04-07 15:36:31 INFO NettyEventExecutor - NettyEventExecutor service started
2021-04-07 15:36:31 INFO main - The Name Server boot success. serializeType=JSON
2021-04-07 15:36:31 INFO FileWatchService - FileWatchService service started
